2022-04-04 02:34:54,086 ERROR Internal Server Error: /29/ C:\Users\相忮\PycharmProjects\pythonProjectDjango2\venv\lib\site-packages\django\utils\log.py (<class 'django.template.exceptions.TemplateSyntaxError'>, TemplateSyntaxError("Invalid filter: 'left'"), <traceback object at 0x000001CC37A83080>)
Traceback (most recent call last):
  File "C:\Users\相忮\PycharmProjects\pythonProjectDjango2\venv\lib\site-packages\django\core\handlers\exception.py", line 47, in inner
    response = get_response(request)
  File "C:\Users\相忮\PycharmProjects\pythonProjectDjango2\venv\lib\site-packages\django\core\handlers\base.py", line 204, in _get_response
    response = response.render()
  File "C:\Users\相忮\PycharmProjects\pythonProjectDjango2\venv\lib\site-packages\django\template\response.py", line 105, in render
    self.content = self.rendered_content
  File "C:\Users\相忮\PycharmProjects\pythonProjectDjango2\venv\lib\site-packages\django\template\response.py", line 81, in rendered_content
    template = self.resolve_template(self.template_name)
  File "C:\Users\相忮\PycharmProjects\pythonProjectDjango2\venv\lib\site-packages\django\template\response.py", line 63, in resolve_template
    return select_template(template, using=self.using)
  File "C:\Users\相忮\PycharmProjects\pythonProjectDjango2\venv\lib\site-packages\django\template\loader.py", line 42, in select_template
    return engine.get_template(template_name)
  File "C:\Users\相忮\PycharmProjects\pythonProjectDjango2\venv\lib\site-packages\django\template\backends\django.py", line 34, in get_template
    return Template(self.engine.get_template(template_name), self)
  File "C:\Users\相忮\PycharmProjects\pythonProjectDjango2\venv\lib\site-packages\django\template\engine.py", line 163, in get_template
    template, origin = self.find_template(template_name)
  File "C:\Users\相忮\PycharmProjects\pythonProjectDjango2\venv\lib\site-packages\django\template\engine.py", line 145, in find_template
    template = loader.get_template(name, skip=skip)
  File "C:\Users\相忮\PycharmProjects\pythonProjectDjango2\venv\lib\site-packages\django\template\loaders\base.py", line 29, in get_template
    return Template(
  File "C:\Users\相忮\PycharmProjects\pythonProjectDjango2\venv\lib\site-packages\django\template\base.py", line 155, in __init__
    self.nodelist = self.compile_nodelist()
  File "C:\Users\相忮\PycharmProjects\pythonProjectDjango2\venv\lib\site-packages\django\template\base.py", line 199, in compile_nodelist
    return parser.parse()
  File "C:\Users\相忮\PycharmProjects\pythonProjectDjango2\venv\lib\site-packages\django\template\base.py", line 508, in parse
    raise self.error(token, e)
  File "C:\Users\相忮\PycharmProjects\pythonProjectDjango2\venv\lib\site-packages\django\template\base.py", line 506, in parse
    compiled_result = compile_func(self, token)
  File "C:\Users\相忮\PycharmProjects\pythonProjectDjango2\venv\lib\site-packages\django\template\loader_tags.py", line 284, in do_extends
    nodelist = parser.parse()
  File "C:\Users\相忮\PycharmProjects\pythonProjectDjango2\venv\lib\site-packages\django\template\base.py", line 508, in parse
    raise self.error(token, e)
  File "C:\Users\相忮\PycharmProjects\pythonProjectDjango2\venv\lib\site-packages\django\template\base.py", line 506, in parse
    compiled_result = compile_func(self, token)
  File "C:\Users\相忮\PycharmProjects\pythonProjectDjango2\venv\lib\site-packages\django\template\loader_tags.py", line 222, in do_block
    nodelist = parser.parse(('endblock',))
  File "C:\Users\相忮\PycharmProjects\pythonProjectDjango2\venv\lib\site-packages\django\template\base.py", line 479, in parse
    raise self.error(token, e)
  File "C:\Users\相忮\PycharmProjects\pythonProjectDjango2\venv\lib\site-packages\django\template\base.py", line 477, in parse
    filter_expression = self.compile_filter(token.contents)
  File "C:\Users\相忮\PycharmProjects\pythonProjectDjango2\venv\lib\site-packages\django\template\base.py", line 593, in compile_filter
    return FilterExpression(token, self)
  File "C:\Users\相忮\PycharmProjects\pythonProjectDjango2\venv\lib\site-packages\django\template\base.py", line 687, in __init__
    filter_func = parser.find_filter(filter_name)
  File "C:\Users\相忮\PycharmProjects\pythonProjectDjango2\venv\lib\site-packages\django\template\base.py", line 599, in find_filter
    raise TemplateSyntaxError("Invalid filter: '%s'" % filter_name)
django.template.exceptions.TemplateSyntaxError: Invalid filter: 'left'
2022-04-04 02:34:54,093 ERROR "GET /29/ HTTP/1.1" 500 209276 C:\Users\相忮\PycharmProjects\pythonProjectDjango2\venv\lib\site-packages\django\core\servers\basehttp.py None
